The target system is: Generic - 1 - 
The host system is: Linux - 5.15.49-1-MANJARO - x86_64
Compiling the C compiler identification source file "CMakeCCompilerId.c" succeeded.
Compiler: /usr/bin/arm-none-eabi-gcc 
Build flags: 
Id flags: -c 

The output was:
0


Compilation of the C compiler identification source "CMakeCCompilerId.c" produced "CMakeCCompilerId.o"

The C compiler identification is GNU, found in "/home/michal/CruiseControl/cmake-build-debug/CMakeFiles/3.22.3/CompilerIdC/CMakeCCompilerId.o"

Compiling the CXX compiler identification source file "CMakeCXXCompilerId.cpp" succeeded.
Compiler: /usr/bin/arm-none-eabi-g++ 
Build flags: 
Id flags: -c 

The output was:
0


Compilation of the CXX compiler identification source "CMakeCXXCompilerId.cpp" produced "CMakeCXXCompilerId.o"

The CXX compiler identification is GNU, found in "/home/michal/CruiseControl/cmake-build-debug/CMakeFiles/3.22.3/CompilerIdCXX/CMakeCXXCompilerId.o"

Checking whether the ASM compiler is GNU using "--version" matched "(GNU assembler)|(GCC)|(Free Software Foundation)":
arm-none-eabi-gcc (Arch Repository) 12.1.0
Copyright (C) 2022 Free Software Foundation, Inc.
This is free software; see the source for copying conditions.  There is NO
warranty; not even for MERCHANTABILITY or FITNESS FOR A PARTICULAR PURPOSE.

Detecting C compiler ABI info compiled with the following output:
Change Dir: /home/michal/CruiseControl/cmake-build-debug/CMakeFiles/CMakeTmp

Run Build Command(s):/usr/bin/make -f Makefile cmTC_36b5b/fast && /usr/bin/make  -f CMakeFiles/cmTC_36b5b.dir/build.make CMakeFiles/cmTC_36b5b.dir/build
make[1]: Entering directory '/home/michal/CruiseControl/cmake-build-debug/CMakeFiles/CMakeTmp'
Building C object CMakeFiles/cmTC_36b5b.dir/CMakeCCompilerABI.c.obj
/usr/bin/arm-none-eabi-gcc   -v -o CMakeFiles/cmTC_36b5b.dir/CMakeCCompilerABI.c.obj -c /opt/clion/bin/cmake/linux/share/cmake-3.22/Modules/CMakeCCompilerABI.c
Using built-in specs.
COLLECT_GCC=/usr/bin/arm-none-eabi-gcc
Target: arm-none-eabi
Configured with: /build/arm-none-eabi-gcc/src/gcc-12.1.0/configure --target=arm-none-eabi --prefix=/usr --with-sysroot=/usr/arm-none-eabi --with-native-system-header-dir=/include --libexecdir=/usr/lib --enable-languages=c,c++ --enable-plugins --disable-decimal-float --disable-libffi --disable-libgomp --disable-libmudflap --disable-libquadmath --disable-libssp --disable-libstdcxx-pch --disable-nls --disable-shared --disable-threads --disable-tls --with-gnu-as --with-gnu-ld --with-system-zlib --with-newlib --with-headers=/usr/arm-none-eabi/include --with-python-dir=share/gcc-arm-none-eabi --with-gmp --with-mpfr --with-mpc --with-isl --with-libelf --enable-gnu-indirect-function --with-host-libstdcxx='-static-libgcc -Wl,-Bstatic,-lstdc++,-Bdynamic -lm' --with-pkgversion='Arch Repository' --with-bugurl=https://bugs.archlinux.org/ --with-multilib-list=rmprofile
Thread model: single
Supported LTO compression algorithms: zlib zstd
gcc version 12.1.0 (Arch Repository) 
COLLECT_GCC_OPTIONS='-v' '-o' 'CMakeFiles/cmTC_36b5b.dir/CMakeCCompilerABI.c.obj' '-c' '-mcpu=arm7tdmi' '-mfloat-abi=soft' '-marm' '-mlibarch=armv4t' '-march=armv4t' '-dumpdir' 'CMakeFiles/cmTC_36b5b.dir/'
 /usr/lib/gcc/arm-none-eabi/12.1.0/cc1 -quiet -v -D__USES_INITFINI__ /opt/clion/bin/cmake/linux/share/cmake-3.22/Modules/CMakeCCompilerABI.c -quiet -dumpdir CMakeFiles/cmTC_36b5b.dir/ -dumpbase CMakeCCompilerABI.c.c -dumpbase-ext .c -mcpu=arm7tdmi -mfloat-abi=soft -marm -mlibarch=armv4t -march=armv4t -version -o /tmp/ccBT68aL.s
GNU C17 (Arch Repository) version 12.1.0 (arm-none-eabi)
	compiled by GNU C version 11.2.0, GMP version 6.2.1, MPFR version 4.1.0-p13, MPC version 1.2.1, isl version isl-0.24-GMP

GGC heuristics: --param ggc-min-expand=100 --param ggc-min-heapsize=131072
ignoring nonexistent directory "/usr/arm-none-eabi/usr/local/include"
ignoring duplicate directory "/usr/arm-none-eabi/include"
#include "..." search starts here:
#include <...> search starts here:
 /usr/lib/gcc/arm-none-eabi/12.1.0/include
 /usr/lib/gcc/arm-none-eabi/12.1.0/include-fixed
 /usr/lib/gcc/arm-none-eabi/12.1.0/../../../../arm-none-eabi/include
End of search list.
GNU C17 (Arch Repository) version 12.1.0 (arm-none-eabi)
	compiled by GNU C version 11.2.0, GMP version 6.2.1, MPFR version 4.1.0-p13, MPC version 1.2.1, isl version isl-0.24-GMP

GGC heuristics: --param ggc-min-expand=100 --param ggc-min-heapsize=131072
Compiler executable checksum: 56bc92eb382fb1d32f138fcd172becce
COLLECT_GCC_OPTIONS='-v' '-o' 'CMakeFiles/cmTC_36b5b.dir/CMakeCCompilerABI.c.obj' '-c' '-mcpu=arm7tdmi' '-mfloat-abi=soft' '-marm' '-mlibarch=armv4t' '-march=armv4t' '-dumpdir' 'CMakeFiles/cmTC_36b5b.dir/'
 /usr/lib/gcc/arm-none-eabi/12.1.0/../../../../arm-none-eabi/bin/as -v -march=armv4t -mfloat-abi=soft -meabi=5 -o CMakeFiles/cmTC_36b5b.dir/CMakeCCompilerABI.c.obj /tmp/ccBT68aL.s
GNU assembler version 2.38 (arm-none-eabi) using BFD version (GNU Binutils) 2.38
COMPILER_PATH=/usr/lib/gcc/arm-none-eabi/12.1.0/:/usr/lib/gcc/arm-none-eabi/12.1.0/:/usr/lib/gcc/arm-none-eabi/:/usr/lib/gcc/arm-none-eabi/12.1.0/:/usr/lib/gcc/arm-none-eabi/:/usr/lib/gcc/arm-none-eabi/12.1.0/../../../../arm-none-eabi/bin/
LIBRARY_PATH=/usr/lib/gcc/arm-none-eabi/12.1.0/:/usr/lib/gcc/arm-none-eabi/12.1.0/../../../../arm-none-eabi/lib/:/usr/arm-none-eabi/lib/
COLLECT_GCC_OPTIONS='-v' '-o' 'CMakeFiles/cmTC_36b5b.dir/CMakeCCompilerABI.c.obj' '-c' '-mcpu=arm7tdmi' '-mfloat-abi=soft' '-marm' '-mlibarch=armv4t' '-march=armv4t' '-dumpdir' 'CMakeFiles/cmTC_36b5b.dir/CMakeCCompilerABI.c.'
Linking C static library libcmTC_36b5b.a
/opt/clion/bin/cmake/linux/bin/cmake -P CMakeFiles/cmTC_36b5b.dir/cmake_clean_target.cmake
/opt/clion/bin/cmake/linux/bin/cmake -E cmake_link_script CMakeFiles/cmTC_36b5b.dir/link.txt --verbose=1
arm-none-eabi-ar qc libcmTC_36b5b.a CMakeFiles/cmTC_36b5b.dir/CMakeCCompilerABI.c.obj
/usr/bin/arm-none-eabi-ranlib libcmTC_36b5b.a
make[1]: Leaving directory '/home/michal/CruiseControl/cmake-build-debug/CMakeFiles/CMakeTmp'



Parsed C implicit include dir info from above output: rv=done
  found start of include info
  found start of implicit include info
    add: [/usr/lib/gcc/arm-none-eabi/12.1.0/include]
    add: [/usr/lib/gcc/arm-none-eabi/12.1.0/include-fixed]
    add: [/usr/lib/gcc/arm-none-eabi/12.1.0/../../../../arm-none-eabi/include]
  end of search list found
  collapse include dir [/usr/lib/gcc/arm-none-eabi/12.1.0/include] ==> [/usr/lib/gcc/arm-none-eabi/12.1.0/include]
  collapse include dir [/usr/lib/gcc/arm-none-eabi/12.1.0/include-fixed] ==> [/usr/lib/gcc/arm-none-eabi/12.1.0/include-fixed]
  collapse include dir [/usr/lib/gcc/arm-none-eabi/12.1.0/../../../../arm-none-eabi/include] ==> [/usr/arm-none-eabi/include]
  implicit include dirs: [/usr/lib/gcc/arm-none-eabi/12.1.0/include;/usr/lib/gcc/arm-none-eabi/12.1.0/include-fixed;/usr/arm-none-eabi/include]


Parsed C implicit link information from above output:
  link line regex: [^( *|.*[/\])(arm-none-eabi-ld|CMAKE_LINK_STARTFILE-NOTFOUND|([^/\]+-)?ld|collect2)[^/\]*( |$)]
  ignore line: [Change Dir: /home/michal/CruiseControl/cmake-build-debug/CMakeFiles/CMakeTmp]
  ignore line: []
  ignore line: [Run Build Command(s):/usr/bin/make -f Makefile cmTC_36b5b/fast && /usr/bin/make  -f CMakeFiles/cmTC_36b5b.dir/build.make CMakeFiles/cmTC_36b5b.dir/build]
  ignore line: [make[1]: Entering directory '/home/michal/CruiseControl/cmake-build-debug/CMakeFiles/CMakeTmp']
  ignore line: [Building C object CMakeFiles/cmTC_36b5b.dir/CMakeCCompilerABI.c.obj]
  ignore line: [/usr/bin/arm-none-eabi-gcc   -v -o CMakeFiles/cmTC_36b5b.dir/CMakeCCompilerABI.c.obj -c /opt/clion/bin/cmake/linux/share/cmake-3.22/Modules/CMakeCCompilerABI.c]
  ignore line: [Using built-in specs.]
  ignore line: [COLLECT_GCC=/usr/bin/arm-none-eabi-gcc]
  ignore line: [Target: arm-none-eabi]
  ignore line: [Configured with: /build/arm-none-eabi-gcc/src/gcc-12.1.0/configure --target=arm-none-eabi --prefix=/usr --with-sysroot=/usr/arm-none-eabi --with-native-system-header-dir=/include --libexecdir=/usr/lib --enable-languages=c,c++ --enable-plugins --disable-decimal-float --disable-libffi --disable-libgomp --disable-libmudflap --disable-libquadmath --disable-libssp --disable-libstdcxx-pch --disable-nls --disable-shared --disable-threads --disable-tls --with-gnu-as --with-gnu-ld --with-system-zlib --with-newlib --with-headers=/usr/arm-none-eabi/include --with-python-dir=share/gcc-arm-none-eabi --with-gmp --with-mpfr --with-mpc --with-isl --with-libelf --enable-gnu-indirect-function --with-host-libstdcxx='-static-libgcc -Wl,-Bstatic,-lstdc++,-Bdynamic -lm' --with-pkgversion='Arch Repository' --with-bugurl=https://bugs.archlinux.org/ --with-multilib-list=rmprofile]
  ignore line: [Thread model: single]
  ignore line: [Supported LTO compression algorithms: zlib zstd]
  ignore line: [gcc version 12.1.0 (Arch Repository) ]
  ignore line: [COLLECT_GCC_OPTIONS='-v' '-o' 'CMakeFiles/cmTC_36b5b.dir/CMakeCCompilerABI.c.obj' '-c' '-mcpu=arm7tdmi' '-mfloat-abi=soft' '-marm' '-mlibarch=armv4t' '-march=armv4t' '-dumpdir' 'CMakeFiles/cmTC_36b5b.dir/']
  ignore line: [ /usr/lib/gcc/arm-none-eabi/12.1.0/cc1 -quiet -v -D__USES_INITFINI__ /opt/clion/bin/cmake/linux/share/cmake-3.22/Modules/CMakeCCompilerABI.c -quiet -dumpdir CMakeFiles/cmTC_36b5b.dir/ -dumpbase CMakeCCompilerABI.c.c -dumpbase-ext .c -mcpu=arm7tdmi -mfloat-abi=soft -marm -mlibarch=armv4t -march=armv4t -version -o /tmp/ccBT68aL.s]
  ignore line: [GNU C17 (Arch Repository) version 12.1.0 (arm-none-eabi)]
  ignore line: [	compiled by GNU C version 11.2.0  GMP version 6.2.1  MPFR version 4.1.0-p13  MPC version 1.2.1  isl version isl-0.24-GMP]
  ignore line: []
  ignore line: [GGC heuristics: --param ggc-min-expand=100 --param ggc-min-heapsize=131072]
  ignore line: [ignoring nonexistent directory "/usr/arm-none-eabi/usr/local/include"]
  ignore line: [ignoring duplicate directory "/usr/arm-none-eabi/include"]
  ignore line: [#include "..." search starts here:]
  ignore line: [#include <...> search starts here:]
  ignore line: [ /usr/lib/gcc/arm-none-eabi/12.1.0/include]
  ignore line: [ /usr/lib/gcc/arm-none-eabi/12.1.0/include-fixed]
  ignore line: [ /usr/lib/gcc/arm-none-eabi/12.1.0/../../../../arm-none-eabi/include]
  ignore line: [End of search list.]
  ignore line: [GNU C17 (Arch Repository) version 12.1.0 (arm-none-eabi)]
  ignore line: [	compiled by GNU C version 11.2.0  GMP version 6.2.1  MPFR version 4.1.0-p13  MPC version 1.2.1  isl version isl-0.24-GMP]
  ignore line: []
  ignore line: [GGC heuristics: --param ggc-min-expand=100 --param ggc-min-heapsize=131072]
  ignore line: [Compiler executable checksum: 56bc92eb382fb1d32f138fcd172becce]
  ignore line: [COLLECT_GCC_OPTIONS='-v' '-o' 'CMakeFiles/cmTC_36b5b.dir/CMakeCCompilerABI.c.obj' '-c' '-mcpu=arm7tdmi' '-mfloat-abi=soft' '-marm' '-mlibarch=armv4t' '-march=armv4t' '-dumpdir' 'CMakeFiles/cmTC_36b5b.dir/']
  ignore line: [ /usr/lib/gcc/arm-none-eabi/12.1.0/../../../../arm-none-eabi/bin/as -v -march=armv4t -mfloat-abi=soft -meabi=5 -o CMakeFiles/cmTC_36b5b.dir/CMakeCCompilerABI.c.obj /tmp/ccBT68aL.s]
  ignore line: [GNU assembler version 2.38 (arm-none-eabi) using BFD version (GNU Binutils) 2.38]
  ignore line: [COMPILER_PATH=/usr/lib/gcc/arm-none-eabi/12.1.0/:/usr/lib/gcc/arm-none-eabi/12.1.0/:/usr/lib/gcc/arm-none-eabi/:/usr/lib/gcc/arm-none-eabi/12.1.0/:/usr/lib/gcc/arm-none-eabi/:/usr/lib/gcc/arm-none-eabi/12.1.0/../../../../arm-none-eabi/bin/]
  ignore line: [LIBRARY_PATH=/usr/lib/gcc/arm-none-eabi/12.1.0/:/usr/lib/gcc/arm-none-eabi/12.1.0/../../../../arm-none-eabi/lib/:/usr/arm-none-eabi/lib/]
  ignore line: [COLLECT_GCC_OPTIONS='-v' '-o' 'CMakeFiles/cmTC_36b5b.dir/CMakeCCompilerABI.c.obj' '-c' '-mcpu=arm7tdmi' '-mfloat-abi=soft' '-marm' '-mlibarch=armv4t' '-march=armv4t' '-dumpdir' 'CMakeFiles/cmTC_36b5b.dir/CMakeCCompilerABI.c.']
  ignore line: [Linking C static library libcmTC_36b5b.a]
  ignore line: [/opt/clion/bin/cmake/linux/bin/cmake -P CMakeFiles/cmTC_36b5b.dir/cmake_clean_target.cmake]
  ignore line: [/opt/clion/bin/cmake/linux/bin/cmake -E cmake_link_script CMakeFiles/cmTC_36b5b.dir/link.txt --verbose=1]
  ignore line: [arm-none-eabi-ar qc libcmTC_36b5b.a CMakeFiles/cmTC_36b5b.dir/CMakeCCompilerABI.c.obj]
  ignore line: [/usr/bin/arm-none-eabi-ranlib libcmTC_36b5b.a]
  ignore line: [make[1]: Leaving directory '/home/michal/CruiseControl/cmake-build-debug/CMakeFiles/CMakeTmp']
  ignore line: []
  ignore line: []
  implicit libs: []
  implicit objs: []
  implicit dirs: []
  implicit fwks: []


Detecting CXX compiler ABI info compiled with the following output:
Change Dir: /home/michal/CruiseControl/cmake-build-debug/CMakeFiles/CMakeTmp

Run Build Command(s):/usr/bin/make -f Makefile cmTC_30a8a/fast && /usr/bin/make  -f CMakeFiles/cmTC_30a8a.dir/build.make CMakeFiles/cmTC_30a8a.dir/build
make[1]: Entering directory '/home/michal/CruiseControl/cmake-build-debug/CMakeFiles/CMakeTmp'
Building CXX object CMakeFiles/cmTC_30a8a.dir/CMakeCXXCompilerABI.cpp.obj
/usr/bin/arm-none-eabi-g++   -v -o CMakeFiles/cmTC_30a8a.dir/CMakeCXXCompilerABI.cpp.obj -c /opt/clion/bin/cmake/linux/share/cmake-3.22/Modules/CMakeCXXCompilerABI.cpp
Using built-in specs.
COLLECT_GCC=/usr/bin/arm-none-eabi-g++
Target: arm-none-eabi
Configured with: /build/arm-none-eabi-gcc/src/gcc-12.1.0/configure --target=arm-none-eabi --prefix=/usr --with-sysroot=/usr/arm-none-eabi --with-native-system-header-dir=/include --libexecdir=/usr/lib --enable-languages=c,c++ --enable-plugins --disable-decimal-float --disable-libffi --disable-libgomp --disable-libmudflap --disable-libquadmath --disable-libssp --disable-libstdcxx-pch --disable-nls --disable-shared --disable-threads --disable-tls --with-gnu-as --with-gnu-ld --with-system-zlib --with-newlib --with-headers=/usr/arm-none-eabi/include --with-python-dir=share/gcc-arm-none-eabi --with-gmp --with-mpfr --with-mpc --with-isl --with-libelf --enable-gnu-indirect-function --with-host-libstdcxx='-static-libgcc -Wl,-Bstatic,-lstdc++,-Bdynamic -lm' --with-pkgversion='Arch Repository' --with-bugurl=https://bugs.archlinux.org/ --with-multilib-list=rmprofile
Thread model: single
Supported LTO compression algorithms: zlib zstd
gcc version 12.1.0 (Arch Repository) 
COLLECT_GCC_OPTIONS='-v' '-o' 'CMakeFiles/cmTC_30a8a.dir/CMakeCXXCompilerABI.cpp.obj' '-c' '-mcpu=arm7tdmi' '-mfloat-abi=soft' '-marm' '-mlibarch=armv4t' '-march=armv4t' '-dumpdir' 'CMakeFiles/cmTC_30a8a.dir/'
 /usr/lib/gcc/arm-none-eabi/12.1.0/cc1plus -quiet -v -D__USES_INITFINI__ /opt/clion/bin/cmake/linux/share/cmake-3.22/Modules/CMakeCXXCompilerABI.cpp -quiet -dumpdir CMakeFiles/cmTC_30a8a.dir/ -dumpbase CMakeCXXCompilerABI.cpp.cpp -dumpbase-ext .cpp -mcpu=arm7tdmi -mfloat-abi=soft -marm -mlibarch=armv4t -march=armv4t -version -o /tmp/cc3kjewB.s
GNU C++17 (Arch Repository) version 12.1.0 (arm-none-eabi)
	compiled by GNU C version 11.2.0, GMP version 6.2.1, MPFR version 4.1.0-p13, MPC version 1.2.1, isl version isl-0.24-GMP

GGC heuristics: --param ggc-min-expand=100 --param ggc-min-heapsize=131072
ignoring nonexistent directory "/usr/arm-none-eabi/usr/local/include"
ignoring duplicate directory "/usr/arm-none-eabi/include"
#include "..." search starts here:
#include <...> search starts here:
 /usr/lib/gcc/arm-none-eabi/12.1.0/../../../../arm-none-eabi/include/c++/12.1.0
 /usr/lib/gcc/arm-none-eabi/12.1.0/../../../../arm-none-eabi/include/c++/12.1.0/arm-none-eabi
 /usr/lib/gcc/arm-none-eabi/12.1.0/../../../../arm-none-eabi/include/c++/12.1.0/backward
 /usr/lib/gcc/arm-none-eabi/12.1.0/include
 /usr/lib/gcc/arm-none-eabi/12.1.0/include-fixed
 /usr/lib/gcc/arm-none-eabi/12.1.0/../../../../arm-none-eabi/include
End of search list.
GNU C++17 (Arch Repository) version 12.1.0 (arm-none-eabi)
	compiled by GNU C version 11.2.0, GMP version 6.2.1, MPFR version 4.1.0-p13, MPC version 1.2.1, isl version isl-0.24-GMP

GGC heuristics: --param ggc-min-expand=100 --param ggc-min-heapsize=131072
Compiler executable checksum: b9b11ad0389f1e5c65126c0a26c812e2
COLLECT_GCC_OPTIONS='-v' '-o' 'CMakeFiles/cmTC_30a8a.dir/CMakeCXXCompilerABI.cpp.obj' '-c' '-mcpu=arm7tdmi' '-mfloat-abi=soft' '-marm' '-mlibarch=armv4t' '-march=armv4t' '-dumpdir' 'CMakeFiles/cmTC_30a8a.dir/'
 /usr/lib/gcc/arm-none-eabi/12.1.0/../../../../arm-none-eabi/bin/as -v -march=armv4t -mfloat-abi=soft -meabi=5 -o CMakeFiles/cmTC_30a8a.dir/CMakeCXXCompilerABI.cpp.obj /tmp/cc3kjewB.s
GNU assembler version 2.38 (arm-none-eabi) using BFD version (GNU Binutils) 2.38
COMPILER_PATH=/usr/lib/gcc/arm-none-eabi/12.1.0/:/usr/lib/gcc/arm-none-eabi/12.1.0/:/usr/lib/gcc/arm-none-eabi/:/usr/lib/gcc/arm-none-eabi/12.1.0/:/usr/lib/gcc/arm-none-eabi/:/usr/lib/gcc/arm-none-eabi/12.1.0/../../../../arm-none-eabi/bin/
LIBRARY_PATH=/usr/lib/gcc/arm-none-eabi/12.1.0/:/usr/lib/gcc/arm-none-eabi/12.1.0/../../../../arm-none-eabi/lib/:/usr/arm-none-eabi/lib/
COLLECT_GCC_OPTIONS='-v' '-o' 'CMakeFiles/cmTC_30a8a.dir/CMakeCXXCompilerABI.cpp.obj' '-c' '-mcpu=arm7tdmi' '-mfloat-abi=soft' '-marm' '-mlibarch=armv4t' '-march=armv4t' '-dumpdir' 'CMakeFiles/cmTC_30a8a.dir/CMakeCXXCompilerABI.cpp.'
Linking CXX static library libcmTC_30a8a.a
/opt/clion/bin/cmake/linux/bin/cmake -P CMakeFiles/cmTC_30a8a.dir/cmake_clean_target.cmake
/opt/clion/bin/cmake/linux/bin/cmake -E cmake_link_script CMakeFiles/cmTC_30a8a.dir/link.txt --verbose=1
arm-none-eabi-ar qc libcmTC_30a8a.a CMakeFiles/cmTC_30a8a.dir/CMakeCXXCompilerABI.cpp.obj
/usr/bin/arm-none-eabi-ranlib libcmTC_30a8a.a
make[1]: Leaving directory '/home/michal/CruiseControl/cmake-build-debug/CMakeFiles/CMakeTmp'



Parsed CXX implicit include dir info from above output: rv=done
  found start of include info
  found start of implicit include info
    add: [/usr/lib/gcc/arm-none-eabi/12.1.0/../../../../arm-none-eabi/include/c++/12.1.0]
    add: [/usr/lib/gcc/arm-none-eabi/12.1.0/../../../../arm-none-eabi/include/c++/12.1.0/arm-none-eabi]
    add: [/usr/lib/gcc/arm-none-eabi/12.1.0/../../../../arm-none-eabi/include/c++/12.1.0/backward]
    add: [/usr/lib/gcc/arm-none-eabi/12.1.0/include]
    add: [/usr/lib/gcc/arm-none-eabi/12.1.0/include-fixed]
    add: [/usr/lib/gcc/arm-none-eabi/12.1.0/../../../../arm-none-eabi/include]
  end of search list found
  collapse include dir [/usr/lib/gcc/arm-none-eabi/12.1.0/../../../../arm-none-eabi/include/c++/12.1.0] ==> [/usr/arm-none-eabi/include/c++/12.1.0]
  collapse include dir [/usr/lib/gcc/arm-none-eabi/12.1.0/../../../../arm-none-eabi/include/c++/12.1.0/arm-none-eabi] ==> [/usr/arm-none-eabi/include/c++/12.1.0/arm-none-eabi]
  collapse include dir [/usr/lib/gcc/arm-none-eabi/12.1.0/../../../../arm-none-eabi/include/c++/12.1.0/backward] ==> [/usr/arm-none-eabi/include/c++/12.1.0/backward]
  collapse include dir [/usr/lib/gcc/arm-none-eabi/12.1.0/include] ==> [/usr/lib/gcc/arm-none-eabi/12.1.0/include]
  collapse include dir [/usr/lib/gcc/arm-none-eabi/12.1.0/include-fixed] ==> [/usr/lib/gcc/arm-none-eabi/12.1.0/include-fixed]
  collapse include dir [/usr/lib/gcc/arm-none-eabi/12.1.0/../../../../arm-none-eabi/include] ==> [/usr/arm-none-eabi/include]
  implicit include dirs: [/usr/arm-none-eabi/include/c++/12.1.0;/usr/arm-none-eabi/include/c++/12.1.0/arm-none-eabi;/usr/arm-none-eabi/include/c++/12.1.0/backward;/usr/lib/gcc/arm-none-eabi/12.1.0/include;/usr/lib/gcc/arm-none-eabi/12.1.0/include-fixed;/usr/arm-none-eabi/include]


Parsed CXX implicit link information from above output:
  link line regex: [^( *|.*[/\])(arm-none-eabi-ld|CMAKE_LINK_STARTFILE-NOTFOUND|([^/\]+-)?ld|collect2)[^/\]*( |$)]
  ignore line: [Change Dir: /home/michal/CruiseControl/cmake-build-debug/CMakeFiles/CMakeTmp]
  ignore line: []
  ignore line: [Run Build Command(s):/usr/bin/make -f Makefile cmTC_30a8a/fast && /usr/bin/make  -f CMakeFiles/cmTC_30a8a.dir/build.make CMakeFiles/cmTC_30a8a.dir/build]
  ignore line: [make[1]: Entering directory '/home/michal/CruiseControl/cmake-build-debug/CMakeFiles/CMakeTmp']
  ignore line: [Building CXX object CMakeFiles/cmTC_30a8a.dir/CMakeCXXCompilerABI.cpp.obj]
  ignore line: [/usr/bin/arm-none-eabi-g++   -v -o CMakeFiles/cmTC_30a8a.dir/CMakeCXXCompilerABI.cpp.obj -c /opt/clion/bin/cmake/linux/share/cmake-3.22/Modules/CMakeCXXCompilerABI.cpp]
  ignore line: [Using built-in specs.]
  ignore line: [COLLECT_GCC=/usr/bin/arm-none-eabi-g++]
  ignore line: [Target: arm-none-eabi]
  ignore line: [Configured with: /build/arm-none-eabi-gcc/src/gcc-12.1.0/configure --target=arm-none-eabi --prefix=/usr --with-sysroot=/usr/arm-none-eabi --with-native-system-header-dir=/include --libexecdir=/usr/lib --enable-languages=c,c++ --enable-plugins --disable-decimal-float --disable-libffi --disable-libgomp --disable-libmudflap --disable-libquadmath --disable-libssp --disable-libstdcxx-pch --disable-nls --disable-shared --disable-threads --disable-tls --with-gnu-as --with-gnu-ld --with-system-zlib --with-newlib --with-headers=/usr/arm-none-eabi/include --with-python-dir=share/gcc-arm-none-eabi --with-gmp --with-mpfr --with-mpc --with-isl --with-libelf --enable-gnu-indirect-function --with-host-libstdcxx='-static-libgcc -Wl,-Bstatic,-lstdc++,-Bdynamic -lm' --with-pkgversion='Arch Repository' --with-bugurl=https://bugs.archlinux.org/ --with-multilib-list=rmprofile]
  ignore line: [Thread model: single]
  ignore line: [Supported LTO compression algorithms: zlib zstd]
  ignore line: [gcc version 12.1.0 (Arch Repository) ]
  ignore line: [COLLECT_GCC_OPTIONS='-v' '-o' 'CMakeFiles/cmTC_30a8a.dir/CMakeCXXCompilerABI.cpp.obj' '-c' '-mcpu=arm7tdmi' '-mfloat-abi=soft' '-marm' '-mlibarch=armv4t' '-march=armv4t' '-dumpdir' 'CMakeFiles/cmTC_30a8a.dir/']
  ignore line: [ /usr/lib/gcc/arm-none-eabi/12.1.0/cc1plus -quiet -v -D__USES_INITFINI__ /opt/clion/bin/cmake/linux/share/cmake-3.22/Modules/CMakeCXXCompilerABI.cpp -quiet -dumpdir CMakeFiles/cmTC_30a8a.dir/ -dumpbase CMakeCXXCompilerABI.cpp.cpp -dumpbase-ext .cpp -mcpu=arm7tdmi -mfloat-abi=soft -marm -mlibarch=armv4t -march=armv4t -version -o /tmp/cc3kjewB.s]
  ignore line: [GNU C++17 (Arch Repository) version 12.1.0 (arm-none-eabi)]
  ignore line: [	compiled by GNU C version 11.2.0  GMP version 6.2.1  MPFR version 4.1.0-p13  MPC version 1.2.1  isl version isl-0.24-GMP]
  ignore line: []
  ignore line: [GGC heuristics: --param ggc-min-expand=100 --param ggc-min-heapsize=131072]
  ignore line: [ignoring nonexistent directory "/usr/arm-none-eabi/usr/local/include"]
  ignore line: [ignoring duplicate directory "/usr/arm-none-eabi/include"]
  ignore line: [#include "..." search starts here:]
  ignore line: [#include <...> search starts here:]
  ignore line: [ /usr/lib/gcc/arm-none-eabi/12.1.0/../../../../arm-none-eabi/include/c++/12.1.0]
  ignore line: [ /usr/lib/gcc/arm-none-eabi/12.1.0/../../../../arm-none-eabi/include/c++/12.1.0/arm-none-eabi]
  ignore line: [ /usr/lib/gcc/arm-none-eabi/12.1.0/../../../../arm-none-eabi/include/c++/12.1.0/backward]
  ignore line: [ /usr/lib/gcc/arm-none-eabi/12.1.0/include]
  ignore line: [ /usr/lib/gcc/arm-none-eabi/12.1.0/include-fixed]
  ignore line: [ /usr/lib/gcc/arm-none-eabi/12.1.0/../../../../arm-none-eabi/include]
  ignore line: [End of search list.]
  ignore line: [GNU C++17 (Arch Repository) version 12.1.0 (arm-none-eabi)]
  ignore line: [	compiled by GNU C version 11.2.0  GMP version 6.2.1  MPFR version 4.1.0-p13  MPC version 1.2.1  isl version isl-0.24-GMP]
  ignore line: []
  ignore line: [GGC heuristics: --param ggc-min-expand=100 --param ggc-min-heapsize=131072]
  ignore line: [Compiler executable checksum: b9b11ad0389f1e5c65126c0a26c812e2]
  ignore line: [COLLECT_GCC_OPTIONS='-v' '-o' 'CMakeFiles/cmTC_30a8a.dir/CMakeCXXCompilerABI.cpp.obj' '-c' '-mcpu=arm7tdmi' '-mfloat-abi=soft' '-marm' '-mlibarch=armv4t' '-march=armv4t' '-dumpdir' 'CMakeFiles/cmTC_30a8a.dir/']
  ignore line: [ /usr/lib/gcc/arm-none-eabi/12.1.0/../../../../arm-none-eabi/bin/as -v -march=armv4t -mfloat-abi=soft -meabi=5 -o CMakeFiles/cmTC_30a8a.dir/CMakeCXXCompilerABI.cpp.obj /tmp/cc3kjewB.s]
  ignore line: [GNU assembler version 2.38 (arm-none-eabi) using BFD version (GNU Binutils) 2.38]
  ignore line: [COMPILER_PATH=/usr/lib/gcc/arm-none-eabi/12.1.0/:/usr/lib/gcc/arm-none-eabi/12.1.0/:/usr/lib/gcc/arm-none-eabi/:/usr/lib/gcc/arm-none-eabi/12.1.0/:/usr/lib/gcc/arm-none-eabi/:/usr/lib/gcc/arm-none-eabi/12.1.0/../../../../arm-none-eabi/bin/]
  ignore line: [LIBRARY_PATH=/usr/lib/gcc/arm-none-eabi/12.1.0/:/usr/lib/gcc/arm-none-eabi/12.1.0/../../../../arm-none-eabi/lib/:/usr/arm-none-eabi/lib/]
  ignore line: [COLLECT_GCC_OPTIONS='-v' '-o' 'CMakeFiles/cmTC_30a8a.dir/CMakeCXXCompilerABI.cpp.obj' '-c' '-mcpu=arm7tdmi' '-mfloat-abi=soft' '-marm' '-mlibarch=armv4t' '-march=armv4t' '-dumpdir' 'CMakeFiles/cmTC_30a8a.dir/CMakeCXXCompilerABI.cpp.']
  ignore line: [Linking CXX static library libcmTC_30a8a.a]
  ignore line: [/opt/clion/bin/cmake/linux/bin/cmake -P CMakeFiles/cmTC_30a8a.dir/cmake_clean_target.cmake]
  ignore line: [/opt/clion/bin/cmake/linux/bin/cmake -E cmake_link_script CMakeFiles/cmTC_30a8a.dir/link.txt --verbose=1]
  ignore line: [arm-none-eabi-ar qc libcmTC_30a8a.a CMakeFiles/cmTC_30a8a.dir/CMakeCXXCompilerABI.cpp.obj]
  ignore line: [/usr/bin/arm-none-eabi-ranlib libcmTC_30a8a.a]
  ignore line: [make[1]: Leaving directory '/home/michal/CruiseControl/cmake-build-debug/CMakeFiles/CMakeTmp']
  ignore line: []
  ignore line: []
  implicit libs: []
  implicit objs: []
  implicit dirs: []
  implicit fwks: []


